<?xml version="1.0" encoding="UTF-8"?>
<!-- Generated by org.testng.reporters.JUnitReportReporter -->
<testsuite hostname="LTIN278825" failures="0" tests="1" name="testCases.TC_001_CarLoanDDT" time="30.089" errors="0" timestamp="2024-03-14T09:48:53 IST" skipped="0">
  <testcase classname="testCases.TC_001_CarLoanDDT" name="carLoanTest" time="30.089"/>
</testsuite> <!-- testCases.TC_001_CarLoanDDT -->
